<?xml version="1.0" encoding="UTF-8"?>
<!-- Generated by org.testng.reporters.JUnitReportReporter -->
<testsuite hostname="DESKTOP-OU8PKGM" failures="0" tests="4" name="testautomation.tests.SubmitOrderTest" time="46.059" errors="0" timestamp="2024-05-15T03:07:54 CEST" skipped="0">
  <testcase classname="testautomation.tests.SubmitOrderTest" name="submitOrder" time="20.401"/>
  <system-out/>
  <testcase classname="testautomation.tests.SubmitOrderTest" name="orderHistoryTest" time="3.810"/>
  <system-out/>
  <testcase classname="testautomation.tests.SubmitOrderTest" name="submitOrder" time="18.197"/>
  <system-out/>
  <testcase classname="testautomation.tests.SubmitOrderTest" name="orderHistoryTest" time="3.651"/>
  <system-out/>
</testsuite> <!-- testautomation.tests.SubmitOrderTest -->
