<?xml version="1.0" encoding="UTF-8"?>
<!-- Generated by org.testng.reporters.JUnitReportReporter -->
<testsuite hostname="DESKTOP-OU8PKGM" failures="0" tests="2" name="testautomation.tests.ErrorValidationsTest" time="22.717" errors="0" timestamp="2024-05-15T03:07:54 CEST" skipped="0">
  <testcase classname="testautomation.tests.ErrorValidationsTest" name="ProductErrorValidation" time="19.339"/>
  <system-out/>
  <testcase classname="testautomation.tests.ErrorValidationsTest" name="loginErrorValidation" time="3.378"/>
  <system-out/>
</testsuite> <!-- testautomation.tests.ErrorValidationsTest -->
