<?xml version="1.0" encoding="UTF-8"?>
<!-- Generated by org.testng.reporters.JUnitReportReporter -->
<testsuite hostname="DESKTOP-OU8PKGM" failures="0" tests="2" name="testautomation.tests.ErrorValidations" time="25.064" errors="0" timestamp="2024-05-10T11:53:29 CEST" skipped="0">
  <testcase classname="testautomation.tests.ErrorValidations" name="ProductErrorValidation" time="19.465"/>
  <system-out/>
  <testcase classname="testautomation.tests.ErrorValidations" name="loginValidation" time="5.599"/>
  <system-out/>
</testsuite> <!-- testautomation.tests.ErrorValidations -->
