<?xml version="1.0" encoding="UTF-8"?>
<!-- Generated by org.testng.reporters.JUnitReportReporter -->
<testsuite hostname="DESKTOP-OU8PKGM" failures="0" tests="1" name="cucumber.TestNGTestRunner" time="5.893" errors="0" timestamp="2024-05-14T02:55:56 CEST" skipped="0">
  <testcase classname="cucumber.TestNGTestRunner" name="runScenario" time="5.893"/>
  <system-out/>
</testsuite> <!-- cucumber.TestNGTestRunner -->
