<?xml version="1.0" encoding="UTF-8"?>
<!-- Generated by org.testng.reporters.JUnitReportReporter -->
<testsuite hostname="DESKTOP-OU8PKGM" failures="0" tests="4" name="testautomation.tests.SubmitOrderTest" time="47.785" errors="0" timestamp="2024-05-14T05:24:52 CEST" skipped="0">
  <testcase classname="testautomation.tests.SubmitOrderTest" name="orderHistoryTest" time="6.425"/>
  <testcase classname="testautomation.tests.SubmitOrderTest" name="submitOrder" time="22.403"/>
  <testcase classname="testautomation.tests.SubmitOrderTest" name="orderHistoryTest" time="5.966"/>
  <testcase classname="testautomation.tests.SubmitOrderTest" name="submitOrder" time="12.991"/>
</testsuite> <!-- testautomation.tests.SubmitOrderTest -->
