<?xml version="1.0" encoding="UTF-8"?>
<!-- Generated by org.testng.reporters.JUnitReportReporter -->
<testsuite hostname="Sabir" failures="0" tests="3" name="testautomation.tests.ErrorValidationsTest" time="38.447" errors="0" timestamp="2025-07-10T13:21:41 CEST" skipped="0">
  <testcase classname="testautomation.tests.ErrorValidationsTest" name="loginErrorValidation" time="4.019"/>
  <testcase classname="testautomation.tests.ErrorValidationsTest" name="ProductErrorValidation2" time="17.173"/>
  <testcase classname="testautomation.tests.ErrorValidationsTest" name="ProductErrorValidation" time="17.255"/>
</testsuite> <!-- testautomation.tests.ErrorValidationsTest -->
