<?xml version="1.0" encoding="UTF-8"?>
<!-- Generated by org.testng.reporters.JUnitReportReporter -->
<testsuite hostname="DESKTOP-OU8PKGM" failures="0" tests="2" name="testautomation.tests.ErrorValidationsTest" time="29.032" errors="0" timestamp="2024-05-14T05:24:52 CEST" skipped="0">
  <testcase classname="testautomation.tests.ErrorValidationsTest" name="ProductErrorValidation" time="23.541"/>
  <testcase classname="testautomation.tests.ErrorValidationsTest" name="loginErrorValidation" time="5.491"/>
</testsuite> <!-- testautomation.tests.ErrorValidationsTest -->
